execve("cmake-build-debug/os_structure", ["cmake-build-debug/os_structure"], 0x7fff29b91f58 /* 69 vars */) = 0 <0.001001>
brk(NULL)                               = 0x558a1501b000 <0.000037>
arch_prctl(0x3001 /* ARCH_??? */, 0x7fffc84f0c90) = -1 EINVAL (부적절한 인수) <0.000064>
access("/etc/ld.so.preload", R_OK)      = -1 ENOENT (그런 파일이나 디렉터리가 없습니다) <0.000073>
openat(AT_FDCWD, "/usr/local/lib/tls/haswell/x86_64/libstdc++.so.6", O_RDONLY|O_CLOEXEC) = -1 ENOENT (그런 파일이나 디렉터리가 없습니다) <0.000078>
stat("/usr/local/lib/tls/haswell/x86_64", 0x7fffc84efee0) = -1 ENOENT (그런 파일이나 디렉터리가 없습니다) <0.000041>
openat(AT_FDCWD, "/usr/local/lib/tls/haswell/libstdc++.so.6", O_RDONLY|O_CLOEXEC) = -1 ENOENT (그런 파일이나 디렉터리가 없습니다) <0.000033>
stat("/usr/local/lib/tls/haswell", 0x7fffc84efee0) = -1 ENOENT (그런 파일이나 디렉터리가 없습니다) <0.000076>
openat(AT_FDCWD, "/usr/local/lib/tls/x86_64/libstdc++.so.6", O_RDONLY|O_CLOEXEC) = -1 ENOENT (그런 파일이나 디렉터리가 없습니다) <0.000082>
stat("/usr/local/lib/tls/x86_64", 0x7fffc84efee0) = -1 ENOENT (그런 파일이나 디렉터리가 없습니다) <0.000077>
openat(AT_FDCWD, "/usr/local/lib/tls/libstdc++.so.6", O_RDONLY|O_CLOEXEC) = -1 ENOENT (그런 파일이나 디렉터리가 없습니다) <0.000081>
stat("/usr/local/lib/tls", 0x7fffc84efee0) = -1 ENOENT (그런 파일이나 디렉터리가 없습니다) <0.000077>
openat(AT_FDCWD, "/usr/local/lib/haswell/x86_64/libstdc++.so.6", O_RDONLY|O_CLOEXEC) = -1 ENOENT (그런 파일이나 디렉터리가 없습니다) <0.000059>
stat("/usr/local/lib/haswell/x86_64", 0x7fffc84efee0) = -1 ENOENT (그런 파일이나 디렉터리가 없습니다) <0.000039>
openat(AT_FDCWD, "/usr/local/lib/haswell/libstdc++.so.6", O_RDONLY|O_CLOEXEC) = -1 ENOENT (그런 파일이나 디렉터리가 없습니다) <0.000082>
stat("/usr/local/lib/haswell", 0x7fffc84efee0) = -1 ENOENT (그런 파일이나 디렉터리가 없습니다) <0.000077>
openat(AT_FDCWD, "/usr/local/lib/x86_64/libstdc++.so.6", O_RDONLY|O_CLOEXEC) = -1 ENOENT (그런 파일이나 디렉터리가 없습니다) <0.000033>
stat("/usr/local/lib/x86_64", 0x7fffc84efee0) = -1 ENOENT (그런 파일이나 디렉터리가 없습니다) <0.000027>
openat(AT_FDCWD, "/usr/local/lib/libstdc++.so.6", O_RDONLY|O_CLOEXEC) = -1 ENOENT (그런 파일이나 디렉터리가 없습니다) <0.000030>
stat("/usr/local/lib", {st_mode=S_IFDIR|0755, st_size=20480, ...}) = 0 <0.000030>
openat(AT_FDCWD, "/usr/lib/tls/haswell/x86_64/libstdc++.so.6", O_RDONLY|O_CLOEXEC) = -1 ENOENT (그런 파일이나 디렉터리가 없습니다) <0.000051>
stat("/usr/lib/tls/haswell/x86_64", 0x7fffc84efee0) = -1 ENOENT (그런 파일이나 디렉터리가 없습니다) <0.000027>
openat(AT_FDCWD, "/usr/lib/tls/haswell/libstdc++.so.6", O_RDONLY|O_CLOEXEC) = -1 ENOENT (그런 파일이나 디렉터리가 없습니다) <0.000028>
stat("/usr/lib/tls/haswell", 0x7fffc84efee0) = -1 ENOENT (그런 파일이나 디렉터리가 없습니다) <0.000027>
openat(AT_FDCWD, "/usr/lib/tls/x86_64/libstdc++.so.6", O_RDONLY|O_CLOEXEC) = -1 ENOENT (그런 파일이나 디렉터리가 없습니다) <0.000051>
stat("/usr/lib/tls/x86_64", 0x7fffc84efee0) = -1 ENOENT (그런 파일이나 디렉터리가 없습니다) <0.000048>
openat(AT_FDCWD, "/usr/lib/tls/libstdc++.so.6", O_RDONLY|O_CLOEXEC) = -1 ENOENT (그런 파일이나 디렉터리가 없습니다) <0.000031>
stat("/usr/lib/tls", 0x7fffc84efee0)    = -1 ENOENT (그런 파일이나 디렉터리가 없습니다) <0.000027>
openat(AT_FDCWD, "/usr/lib/haswell/x86_64/libstdc++.so.6", O_RDONLY|O_CLOEXEC) = -1 ENOENT (그런 파일이나 디렉터리가 없습니다) <0.000028>
stat("/usr/lib/haswell/x86_64", 0x7fffc84efee0) = -1 ENOENT (그런 파일이나 디렉터리가 없습니다) <0.000026>
openat(AT_FDCWD, "/usr/lib/haswell/libstdc++.so.6", O_RDONLY|O_CLOEXEC) = -1 ENOENT (그런 파일이나 디렉터리가 없습니다) <0.000028>
stat("/usr/lib/haswell", 0x7fffc84efee0) = -1 ENOENT (그런 파일이나 디렉터리가 없습니다) <0.000026>
openat(AT_FDCWD, "/usr/lib/x86_64/libstdc++.so.6", O_RDONLY|O_CLOEXEC) = -1 ENOENT (그런 파일이나 디렉터리가 없습니다) <0.000051>
stat("/usr/lib/x86_64", 0x7fffc84efee0) = -1 ENOENT (그런 파일이나 디렉터리가 없습니다) <0.000043>
openat(AT_FDCWD, "/usr/lib/libstdc++.so.6", O_RDONLY|O_CLOEXEC) = -1 ENOENT (그런 파일이나 디렉터리가 없습니다) <0.000037>
stat("/usr/lib", {st_mode=S_IFDIR|0755, st_size=12288, ...}) = 0 <0.000032>
openat(AT_FDCWD, "tls/haswell/x86_64/libstdc++.so.6", O_RDONLY|O_CLOEXEC) = -1 ENOENT (그런 파일이나 디렉터리가 없습니다) <0.000215>
openat(AT_FDCWD, "tls/haswell/libstdc++.so.6", O_RDONLY|O_CLOEXEC) = -1 ENOENT (그런 파일이나 디렉터리가 없습니다) <0.000212>
openat(AT_FDCWD, "tls/x86_64/libstdc++.so.6", O_RDONLY|O_CLOEXEC) = -1 ENOENT (그런 파일이나 디렉터리가 없습니다) <0.000306>
openat(AT_FDCWD, "tls/libstdc++.so.6", O_RDONLY|O_CLOEXEC) = -1 ENOENT (그런 파일이나 디렉터리가 없습니다) <0.000240>
openat(AT_FDCWD, "haswell/x86_64/libstdc++.so.6", O_RDONLY|O_CLOEXEC) = -1 ENOENT (그런 파일이나 디렉터리가 없습니다) <0.000382>
openat(AT_FDCWD, "haswell/libstdc++.so.6", O_RDONLY|O_CLOEXEC) = -1 ENOENT (그런 파일이나 디렉터리가 없습니다) <0.000189>
openat(AT_FDCWD, "x86_64/libstdc++.so.6", O_RDONLY|O_CLOEXEC) = -1 ENOENT (그런 파일이나 디렉터리가 없습니다) <0.000327>
openat(AT_FDCWD, "libstdc++.so.6", O_RDONLY|O_CLOEXEC) = -1 ENOENT (그런 파일이나 디렉터리가 없습니다) <0.000535>
openat(AT_FDCWD, "/etc/ld.so.cache", O_RDONLY|O_CLOEXEC) = 3 <0.000052>
fstat(3, {st_mode=S_IFREG|0644, st_size=241316, ...}) = 0 <0.000092>
mmap(NULL, 241316, PROT_READ, MAP_PRIVATE, 3, 0) = 0x7f2f4d4da000 <0.000108>
close(3)                                = 0 <0.000075>
openat(AT_FDCWD, "/lib/x86_64-linux-gnu/libstdc++.so.6", O_RDONLY|O_CLOEXEC) = 3 <0.000091>
read(3, "\177ELF\2\1\1\3\0\0\0\0\0\0\0\0\3\0>\0\1\0\0\0\240\341\t\0\0\0\0\0"..., 832) = 832 <0.000076>
fstat(3, {st_mode=S_IFREG|0644, st_size=1952928, ...}) = 0 <0.000072>
mmap(NULL, 8192, PROT_READ|PROT_WRITE, MAP_PRIVATE|MAP_ANONYMOUS, -1, 0) = 0x7f2f4d4d8000 <0.000045>
mmap(NULL, 1968128, PROT_READ, MAP_PRIVATE|MAP_DENYWRITE, 3, 0) = 0x7f2f4d2f7000 <0.000107>
mprotect(0x7f2f4d38d000, 1286144, PROT_NONE) = 0 <0.000138>
mmap(0x7f2f4d38d000, 983040, PROT_READ|PROT_EXEC, MAP_PRIVATE|MAP_FIXED|MAP_DENYWRITE, 3, 0x96000) = 0x7f2f4d38d000 <0.000113>
mmap(0x7f2f4d47d000, 299008, PROT_READ, MAP_PRIVATE|MAP_FIXED|MAP_DENYWRITE, 3, 0x186000) = 0x7f2f4d47d000 <0.000093>
mmap(0x7f2f4d4c7000, 57344, PROT_READ|PROT_WRITE, MAP_PRIVATE|MAP_FIXED|MAP_DENYWRITE, 3, 0x1cf000) = 0x7f2f4d4c7000 <0.000114>
mmap(0x7f2f4d4d5000, 10240, PROT_READ|PROT_WRITE, MAP_PRIVATE|MAP_FIXED|MAP_ANONYMOUS, -1, 0) = 0x7f2f4d4d5000 <0.000103>
close(3)                                = 0 <0.000087>
openat(AT_FDCWD, "/usr/local/lib/libc.so.6", O_RDONLY|O_CLOEXEC) = -1 ENOENT (그런 파일이나 디렉터리가 없습니다) <0.000077>
openat(AT_FDCWD, "/usr/lib/libc.so.6", O_RDONLY|O_CLOEXEC) = -1 ENOENT (그런 파일이나 디렉터리가 없습니다) <0.000068>
openat(AT_FDCWD, "tls/haswell/x86_64/libc.so.6", O_RDONLY|O_CLOEXEC) = -1 ENOENT (그런 파일이나 디렉터리가 없습니다) <0.000279>
openat(AT_FDCWD, "tls/haswell/libc.so.6", O_RDONLY|O_CLOEXEC) = -1 ENOENT (그런 파일이나 디렉터리가 없습니다) <0.000273>
openat(AT_FDCWD, "tls/x86_64/libc.so.6", O_RDONLY|O_CLOEXEC) = -1 ENOENT (그런 파일이나 디렉터리가 없습니다) <0.000334>
openat(AT_FDCWD, "tls/libc.so.6", O_RDONLY|O_CLOEXEC) = -1 ENOENT (그런 파일이나 디렉터리가 없습니다) <0.000229>
openat(AT_FDCWD, "haswell/x86_64/libc.so.6", O_RDONLY|O_CLOEXEC) = -1 ENOENT (그런 파일이나 디렉터리가 없습니다) <0.000109>
openat(AT_FDCWD, "haswell/libc.so.6", O_RDONLY|O_CLOEXEC) = -1 ENOENT (그런 파일이나 디렉터리가 없습니다) <0.000102>
openat(AT_FDCWD, "x86_64/libc.so.6", O_RDONLY|O_CLOEXEC) = -1 ENOENT (그런 파일이나 디렉터리가 없습니다) <0.000102>
openat(AT_FDCWD, "libc.so.6", O_RDONLY|O_CLOEXEC) = -1 ENOENT (그런 파일이나 디렉터리가 없습니다) <0.000225>
openat(AT_FDCWD, "/lib/x86_64-linux-gnu/libc.so.6", O_RDONLY|O_CLOEXEC) = 3 <0.000042>
read(3, "\177ELF\2\1\1\3\0\0\0\0\0\0\0\0\3\0>\0\1\0\0\0\360q\2\0\0\0\0\0"..., 832) = 832 <0.000076>
pread64(3, "\6\0\0\0\4\0\0\0@\0\0\0\0\0\0\0@\0\0\0\0\0\0\0@\0\0\0\0\0\0\0"..., 784, 64) = 784 <0.000057>
pread64(3, "\4\0\0\0\20\0\0\0\5\0\0\0GNU\0\2\0\0\300\4\0\0\0\3\0\0\0\0\0\0\0", 32, 848) = 32 <0.000046>
pread64(3, "\4\0\0\0\24\0\0\0\3\0\0\0GNU\0\t\233\222%\274\260\320\31\331\326\10\204\276X>\263"..., 68, 880) = 68 <0.000047>
fstat(3, {st_mode=S_IFREG|0755, st_size=2029224, ...}) = 0 <0.000027>
pread64(3, "\6\0\0\0\4\0\0\0@\0\0\0\0\0\0\0@\0\0\0\0\0\0\0@\0\0\0\0\0\0\0"..., 784, 64) = 784 <0.000027>
pread64(3, "\4\0\0\0\20\0\0\0\5\0\0\0GNU\0\2\0\0\300\4\0\0\0\3\0\0\0\0\0\0\0", 32, 848) = 32 <0.000026>
pread64(3, "\4\0\0\0\24\0\0\0\3\0\0\0GNU\0\t\233\222%\274\260\320\31\331\326\10\204\276X>\263"..., 68, 880) = 68 <0.000026>
mmap(NULL, 2036952, PROT_READ, MAP_PRIVATE|MAP_DENYWRITE, 3, 0) = 0x7f2f4d105000 <0.000037>
mprotect(0x7f2f4d12a000, 1847296, PROT_NONE) = 0 <0.000043>
mmap(0x7f2f4d12a000, 1540096, PROT_READ|PROT_EXEC, MAP_PRIVATE|MAP_FIXED|MAP_DENYWRITE, 3, 0x25000) = 0x7f2f4d12a000 <0.000042>
mmap(0x7f2f4d2a2000, 303104, PROT_READ, MAP_PRIVATE|MAP_FIXED|MAP_DENYWRITE, 3, 0x19d000) = 0x7f2f4d2a2000 <0.000034>
mmap(0x7f2f4d2ed000, 24576, PROT_READ|PROT_WRITE, MAP_PRIVATE|MAP_FIXED|MAP_DENYWRITE, 3, 0x1e7000) = 0x7f2f4d2ed000 <0.000035>
mmap(0x7f2f4d2f3000, 13528, PROT_READ|PROT_WRITE, MAP_PRIVATE|MAP_FIXED|MAP_ANONYMOUS, -1, 0) = 0x7f2f4d2f3000 <0.000074>
close(3)                                = 0 <0.000044>
openat(AT_FDCWD, "/usr/local/lib/libm.so.6", O_RDONLY|O_CLOEXEC) = -1 ENOENT (그런 파일이나 디렉터리가 없습니다) <0.000055>
openat(AT_FDCWD, "/usr/lib/libm.so.6", O_RDONLY|O_CLOEXEC) = -1 ENOENT (그런 파일이나 디렉터리가 없습니다) <0.000052>
openat(AT_FDCWD, "tls/haswell/x86_64/libm.so.6", O_RDONLY|O_CLOEXEC) = -1 ENOENT (그런 파일이나 디렉터리가 없습니다) <0.000163>
openat(AT_FDCWD, "tls/haswell/libm.so.6", O_RDONLY|O_CLOEXEC) = -1 ENOENT (그런 파일이나 디렉터리가 없습니다) <0.000102>
openat(AT_FDCWD, "tls/x86_64/libm.so.6", O_RDONLY|O_CLOEXEC) = -1 ENOENT (그런 파일이나 디렉터리가 없습니다) <0.000099>
openat(AT_FDCWD, "tls/libm.so.6", O_RDONLY|O_CLOEXEC) = -1 ENOENT (그런 파일이나 디렉터리가 없습니다) <0.000099>
openat(AT_FDCWD, "haswell/x86_64/libm.so.6", O_RDONLY|O_CLOEXEC) = -1 ENOENT (그런 파일이나 디렉터리가 없습니다) <0.000171>
openat(AT_FDCWD, "haswell/libm.so.6", O_RDONLY|O_CLOEXEC) = -1 ENOENT (그런 파일이나 디렉터리가 없습니다) <0.000127>
openat(AT_FDCWD, "x86_64/libm.so.6", O_RDONLY|O_CLOEXEC) = -1 ENOENT (그런 파일이나 디렉터리가 없습니다) <0.000117>
openat(AT_FDCWD, "libm.so.6", O_RDONLY|O_CLOEXEC) = -1 ENOENT (그런 파일이나 디렉터리가 없습니다) <0.000154>
openat(AT_FDCWD, "/lib/x86_64-linux-gnu/libm.so.6", O_RDONLY|O_CLOEXEC) = 3 <0.000037>
read(3, "\177ELF\2\1\1\3\0\0\0\0\0\0\0\0\3\0>\0\1\0\0\0\300\363\0\0\0\0\0\0"..., 832) = 832 <0.000028>
fstat(3, {st_mode=S_IFREG|0644, st_size=1369352, ...}) = 0 <0.000026>
mmap(NULL, 1368336, PROT_READ, MAP_PRIVATE|MAP_DENYWRITE, 3, 0) = 0x7f2f4cfb6000 <0.000035>
mmap(0x7f2f4cfc5000, 684032, PROT_READ|PROT_EXEC, MAP_PRIVATE|MAP_FIXED|MAP_DENYWRITE, 3, 0xf000) = 0x7f2f4cfc5000 <0.000043>
mmap(0x7f2f4d06c000, 618496, PROT_READ, MAP_PRIVATE|MAP_FIXED|MAP_DENYWRITE, 3, 0xb6000) = 0x7f2f4d06c000 <0.000035>
mmap(0x7f2f4d103000, 8192, PROT_READ|PROT_WRITE, MAP_PRIVATE|MAP_FIXED|MAP_DENYWRITE, 3, 0x14c000) = 0x7f2f4d103000 <0.000033>
close(3)                                = 0 <0.000025>
openat(AT_FDCWD, "/usr/local/lib/libgcc_s.so.1", O_RDONLY|O_CLOEXEC) = -1 ENOENT (그런 파일이나 디렉터리가 없습니다) <0.000031>
openat(AT_FDCWD, "/usr/lib/libgcc_s.so.1", O_RDONLY|O_CLOEXEC) = -1 ENOENT (그런 파일이나 디렉터리가 없습니다) <0.000030>
openat(AT_FDCWD, "tls/haswell/x86_64/libgcc_s.so.1", O_RDONLY|O_CLOEXEC) = -1 ENOENT (그런 파일이나 디렉터리가 없습니다) <0.000125>
openat(AT_FDCWD, "tls/haswell/libgcc_s.so.1", O_RDONLY|O_CLOEXEC) = -1 ENOENT (그런 파일이나 디렉터리가 없습니다) <0.000100>
openat(AT_FDCWD, "tls/x86_64/libgcc_s.so.1", O_RDONLY|O_CLOEXEC) = -1 ENOENT (그런 파일이나 디렉터리가 없습니다) <0.000176>
openat(AT_FDCWD, "tls/libgcc_s.so.1", O_RDONLY|O_CLOEXEC) = -1 ENOENT (그런 파일이나 디렉터리가 없습니다) <0.000348>
openat(AT_FDCWD, "haswell/x86_64/libgcc_s.so.1", O_RDONLY|O_CLOEXEC) = -1 ENOENT (그런 파일이나 디렉터리가 없습니다) <0.000390>
openat(AT_FDCWD, "haswell/libgcc_s.so.1", O_RDONLY|O_CLOEXEC) = -1 ENOENT (그런 파일이나 디렉터리가 없습니다) <0.000235>
openat(AT_FDCWD, "x86_64/libgcc_s.so.1", O_RDONLY|O_CLOEXEC) = -1 ENOENT (그런 파일이나 디렉터리가 없습니다) <0.000242>
openat(AT_FDCWD, "libgcc_s.so.1", O_RDONLY|O_CLOEXEC) = -1 ENOENT (그런 파일이나 디렉터리가 없습니다) <0.000390>
openat(AT_FDCWD, "/lib/x86_64-linux-gnu/libgcc_s.so.1", O_RDONLY|O_CLOEXEC) = 3 <0.000035>
read(3, "\177ELF\2\1\1\0\0\0\0\0\0\0\0\0\3\0>\0\1\0\0\0\3405\0\0\0\0\0\0"..., 832) = 832 <0.000105>
fstat(3, {st_mode=S_IFREG|0644, st_size=104984, ...}) = 0 <0.000066>
mmap(NULL, 107592, PROT_READ, MAP_PRIVATE|MAP_DENYWRITE, 3, 0) = 0x7f2f4cf9b000 <0.000037>
mmap(0x7f2f4cf9e000, 73728, PROT_READ|PROT_EXEC, MAP_PRIVATE|MAP_FIXED|MAP_DENYWRITE, 3, 0x3000) = 0x7f2f4cf9e000 <0.000080>
mmap(0x7f2f4cfb0000, 16384, PROT_READ, MAP_PRIVATE|MAP_FIXED|MAP_DENYWRITE, 3, 0x15000) = 0x7f2f4cfb0000 <0.000109>
mmap(0x7f2f4cfb4000, 8192, PROT_READ|PROT_WRITE, MAP_PRIVATE|MAP_FIXED|MAP_DENYWRITE, 3, 0x18000) = 0x7f2f4cfb4000 <0.000081>
close(3)                                = 0 <0.000058>
mmap(NULL, 8192, PROT_READ|PROT_WRITE, MAP_PRIVATE|MAP_ANONYMOUS, -1, 0) = 0x7f2f4cf99000 <0.000066>
arch_prctl(ARCH_SET_FS, 0x7f2f4cf99f40) = 0 <0.000061>
mprotect(0x7f2f4d2ed000, 12288, PROT_READ) = 0 <0.000039>
mprotect(0x7f2f4cfb4000, 4096, PROT_READ) = 0 <0.000033>
mprotect(0x7f2f4d103000, 4096, PROT_READ) = 0 <0.000032>
mmap(NULL, 8192, PROT_READ|PROT_WRITE, MAP_PRIVATE|MAP_ANONYMOUS, -1, 0) = 0x7f2f4cf97000 <0.000055>
mprotect(0x7f2f4d4c7000, 45056, PROT_READ) = 0 <0.000080>
mprotect(0x558a13164000, 4096, PROT_READ) = 0 <0.000077>
mprotect(0x7f2f4d542000, 4096, PROT_READ) = 0 <0.000050>
munmap(0x7f2f4d4da000, 241316)          = 0 <0.000097>
brk(NULL)                               = 0x558a1501b000 <0.000030>
brk(0x558a1503c000)                     = 0x558a1503c000 <0.000052>
fstat(1, {st_mode=S_IFCHR|0620, st_rdev=makedev(0x88, 0x2), ...}) = 0 <0.000047>
write(1, "Hello, World!\n", 14)         = 14 <0.000059>
exit_group(0)                           = ?
+++ exited with 0 +++
